anylayer/build/intermediates/manifest_merge_blame_file/debug/manifest-merger-blame-debug-report.txt
1<?xml version="1.0" encoding="utf-8"?>
2<manifest xmlns:android="http://schemas.android.com/apk/res/android"
3    package="per.goweii.anylayer" >
4
5    <uses-sdk
6        android:minSdkVersion="14"
6-->src\main\AndroidManifest.xml
7        android:targetSdkVersion="29" />
7-->src\main\AndroidManifest.xml
8
9    <application>
9-->src\main\AndroidManifest.xml:4:5-13:19
10        <activity
10-->src\main\AndroidManifest.xml:5:9-7:57
11            android:name="per.goweii.anylayer.LayerActivity"
11-->src\main\AndroidManifest.xml:6:13-42
12            android:theme="@style/LayerActivityTheme" />
12-->src\main\AndroidManifest.xml:7:13-54
13
14        <provider
14-->src\main\AndroidManifest.xml:8:9-12:43
15            android:name="per.goweii.anylayer.ActivityProvider"
15-->src\main\AndroidManifest.xml:9:13-45
16            android:authorities="${applicationId}.activityprovider"
16-->src\main\AndroidManifest.xml:10:13-68
17            android:exported="false"
17-->src\main\AndroidManifest.xml:11:13-37
18            android:multiprocess="true" />
18-->src\main\AndroidManifest.xml:12:13-40
19    </application>
20
21</manifest>